<?xml version="1.0" encoding="UTF-8"?>
<coverage generated="1726118479565" clover="3.2.0">
  <project timestamp="1726118479565" name="All files">
    <metrics statements="76" coveredstatements="76" conditionals="13" coveredconditionals="13" methods="1" coveredmethods="1" elements="90" coveredelements="90" complexity="0" loc="76" ncloc="76" packages="1" files="1" classes="1"/>
    <file name="CalculateLeagueTable.ts" path="C:\Users\N I T R O 5\Desktop\isk\Projext\League-table\src\components\CalculateLeagueTable.ts">
      <metrics statements="76" coveredstatements="76" conditionals="13" coveredconditionals="13" methods="1" coveredmethods="1"/>
      <line num="35" count="1" type="cond" truecount="1" falsecount="0"/>
      <line num="37" count="1" type="stmt"/>
      <line num="42" count="1" type="cond" truecount="1" falsecount="0"/>
      <line num="44" count="380" type="stmt"/>
      <line num="46" count="380" type="cond" truecount="1" falsecount="0"/>
      <line num="47" count="10" type="stmt"/>
      <line num="49" count="10" type="stmt"/>
      <line num="50" count="10" type="stmt"/>
      <line num="51" count="10" type="stmt"/>
      <line num="52" count="10" type="stmt"/>
      <line num="53" count="10" type="stmt"/>
      <line num="54" count="10" type="stmt"/>
      <line num="55" count="10" type="stmt"/>
      <line num="56" count="10" type="stmt"/>
      <line num="57" count="10" type="stmt"/>
      <line num="58" count="10" type="stmt"/>
      <line num="59" count="10" type="stmt"/>
      <line num="60" count="10" type="stmt"/>
      <line num="61" count="380" type="cond" truecount="1" falsecount="0"/>
      <line num="62" count="10" type="stmt"/>
      <line num="64" count="10" type="stmt"/>
      <line num="65" count="10" type="stmt"/>
      <line num="66" count="10" type="stmt"/>
      <line num="67" count="10" type="stmt"/>
      <line num="68" count="10" type="stmt"/>
      <line num="69" count="10" type="stmt"/>
      <line num="70" count="10" type="stmt"/>
      <line num="71" count="10" type="stmt"/>
      <line num="72" count="10" type="stmt"/>
      <line num="73" count="10" type="stmt"/>
      <line num="74" count="10" type="stmt"/>
      <line num="75" count="10" type="stmt"/>
      <line num="77" count="380" type="cond" truecount="2" falsecount="0"/>
      <line num="80" count="79" type="stmt"/>
      <line num="81" count="79" type="stmt"/>
      <line num="83" count="79" type="stmt"/>
      <line num="86" count="79" type="stmt"/>
      <line num="87" count="79" type="stmt"/>
      <line num="88" count="79" type="stmt"/>
      <line num="89" count="79" type="stmt"/>
      <line num="93" count="79" type="cond" truecount="1" falsecount="0"/>
      <line num="94" count="29" type="stmt"/>
      <line num="95" count="29" type="stmt"/>
      <line num="96" count="29" type="stmt"/>
      <line num="97" count="29" type="stmt"/>
      <line num="100" count="29" type="stmt"/>
      <line num="101" count="29" type="stmt"/>
      <line num="102" count="79" type="cond" truecount="2" falsecount="0"/>
      <line num="103" count="35" type="stmt"/>
      <line num="104" count="35" type="stmt"/>
      <line num="105" count="35" type="stmt"/>
      <line num="106" count="35" type="stmt"/>
      <line num="109" count="35" type="stmt"/>
      <line num="110" count="35" type="stmt"/>
      <line num="111" count="50" type="cond" truecount="1" falsecount="0"/>
      <line num="112" count="15" type="stmt"/>
      <line num="113" count="15" type="stmt"/>
      <line num="114" count="15" type="stmt"/>
      <line num="115" count="15" type="stmt"/>
      <line num="118" count="15" type="stmt"/>
      <line num="119" count="15" type="stmt"/>
      <line num="120" count="15" type="stmt"/>
      <line num="121" count="79" type="stmt"/>
      <line num="122" count="1" type="stmt"/>
      <line num="124" count="1" type="cond" truecount="1" falsecount="0"/>
      <line num="125" count="20" type="stmt"/>
      <line num="126" count="20" type="stmt"/>
      <line num="127" count="1" type="stmt"/>
      <line num="130" count="1" type="cond" truecount="1" falsecount="0"/>
      <line num="131" count="1" type="cond" truecount="1" falsecount="0"/>
      <line num="132" count="20" type="stmt"/>
      <line num="133" count="1" type="stmt"/>
      <line num="134" count="1" type="stmt"/>
      <line num="136" count="1" type="stmt"/>
      <line num="137" count="1" type="stmt"/>
      <line num="139" count="1" type="stmt"/>
    </file>
  </project>
</coverage>
