{"C:\\Users\\N I T R O 5\\Desktop\\isk\\Projext\\League-table\\src\\components\\CalculateLeagueTable.ts": {"path":"C:\\Users\\N I T R O 5\\Desktop\\isk\\Projext\\League-table\\src\\components\\CalculateLeagueTable.ts","all":false,"statementMap":{"34":{"start":{"line":35,"column":0},"end":{"line":35,"column":63}},"36":{"start":{"line":37,"column":0},"end":{"line":37,"column":34}},"41":{"start":{"line":42,"column":0},"end":{"line":42,"column":44}},"43":{"start":{"line":44,"column":0},"end":{"line":44,"column":46}},"45":{"start":{"line":46,"column":0},"end":{"line":46,"column":28}},"46":{"start":{"line":47,"column":0},"end":{"line":47,"column":28}},"48":{"start":{"line":49,"column":0},"end":{"line":49,"column":28}},"49":{"start":{"line":50,"column":0},"end":{"line":50,"column":26}},"50":{"start":{"line":51,"column":0},"end":{"line":51,"column":23}},"51":{"start":{"line":52,"column":0},"end":{"line":52,"column":25}},"52":{"start":{"line":53,"column":0},"end":{"line":53,"column":24}},"53":{"start":{"line":54,"column":0},"end":{"line":54,"column":22}},"54":{"start":{"line":55,"column":0},"end":{"line":55,"column":22}},"55":{"start":{"line":56,"column":0},"end":{"line":56,"column":22}},"56":{"start":{"line":57,"column":0},"end":{"line":57,"column":26}},"57":{"start":{"line":58,"column":0},"end":{"line":58,"column":24}},"58":{"start":{"line":59,"column":0},"end":{"line":59,"column":14}},"59":{"start":{"line":60,"column":0},"end":{"line":60,"column":9}},"60":{"start":{"line":61,"column":0},"end":{"line":61,"column":28}},"61":{"start":{"line":62,"column":0},"end":{"line":62,"column":28}},"63":{"start":{"line":64,"column":0},"end":{"line":64,"column":28}},"64":{"start":{"line":65,"column":0},"end":{"line":65,"column":26}},"65":{"start":{"line":66,"column":0},"end":{"line":66,"column":23}},"66":{"start":{"line":67,"column":0},"end":{"line":67,"column":25}},"67":{"start":{"line":68,"column":0},"end":{"line":68,"column":24}},"68":{"start":{"line":69,"column":0},"end":{"line":69,"column":22}},"69":{"start":{"line":70,"column":0},"end":{"line":70,"column":22}},"70":{"start":{"line":71,"column":0},"end":{"line":71,"column":22}},"71":{"start":{"line":72,"column":0},"end":{"line":72,"column":26}},"72":{"start":{"line":73,"column":0},"end":{"line":73,"column":24}},"73":{"start":{"line":74,"column":0},"end":{"line":74,"column":14}},"74":{"start":{"line":75,"column":0},"end":{"line":75,"column":9}},"76":{"start":{"line":77,"column":0},"end":{"line":77,"column":24}},"79":{"start":{"line":80,"column":0},"end":{"line":80,"column":89}},"80":{"start":{"line":81,"column":0},"end":{"line":81,"column":89}},"82":{"start":{"line":83,"column":0},"end":{"line":83,"column":46}},"85":{"start":{"line":86,"column":0},"end":{"line":86,"column":38}},"86":{"start":{"line":87,"column":0},"end":{"line":87,"column":38}},"87":{"start":{"line":88,"column":0},"end":{"line":88,"column":38}},"88":{"start":{"line":89,"column":0},"end":{"line":89,"column":38}},"92":{"start":{"line":93,"column":0},"end":{"line":93,"column":34}},"93":{"start":{"line":94,"column":0},"end":{"line":94,"column":41}},"94":{"start":{"line":95,"column":0},"end":{"line":95,"column":38}},"95":{"start":{"line":96,"column":0},"end":{"line":96,"column":41}},"96":{"start":{"line":97,"column":0},"end":{"line":97,"column":39}},"99":{"start":{"line":100,"column":0},"end":{"line":100,"column":44}},"100":{"start":{"line":101,"column":0},"end":{"line":101,"column":44}},"101":{"start":{"line":102,"column":0},"end":{"line":102,"column":41}},"102":{"start":{"line":103,"column":0},"end":{"line":103,"column":41}},"103":{"start":{"line":104,"column":0},"end":{"line":104,"column":38}},"104":{"start":{"line":105,"column":0},"end":{"line":105,"column":41}},"105":{"start":{"line":106,"column":0},"end":{"line":106,"column":39}},"108":{"start":{"line":109,"column":0},"end":{"line":109,"column":44}},"109":{"start":{"line":110,"column":0},"end":{"line":110,"column":44}},"110":{"start":{"line":111,"column":0},"end":{"line":111,"column":20}},"111":{"start":{"line":112,"column":0},"end":{"line":112,"column":41}},"112":{"start":{"line":113,"column":0},"end":{"line":113,"column":41}},"113":{"start":{"line":114,"column":0},"end":{"line":114,"column":40}},"114":{"start":{"line":115,"column":0},"end":{"line":115,"column":40}},"117":{"start":{"line":118,"column":0},"end":{"line":118,"column":44}},"118":{"start":{"line":119,"column":0},"end":{"line":119,"column":44}},"119":{"start":{"line":120,"column":0},"end":{"line":120,"column":13}},"120":{"start":{"line":121,"column":0},"end":{"line":121,"column":9}},"121":{"start":{"line":122,"column":0},"end":{"line":122,"column":7}},"123":{"start":{"line":124,"column":0},"end":{"line":124,"column":42}},"124":{"start":{"line":125,"column":0},"end":{"line":125,"column":36}},"125":{"start":{"line":126,"column":0},"end":{"line":126,"column":94}},"126":{"start":{"line":127,"column":0},"end":{"line":127,"column":7}},"129":{"start":{"line":130,"column":0},"end":{"line":130,"column":81}},"130":{"start":{"line":131,"column":0},"end":{"line":131,"column":42}},"131":{"start":{"line":132,"column":0},"end":{"line":132,"column":33}},"132":{"start":{"line":133,"column":0},"end":{"line":133,"column":6}},"133":{"start":{"line":134,"column":0},"end":{"line":134,"column":29}},"135":{"start":{"line":136,"column":0},"end":{"line":136,"column":23}},"136":{"start":{"line":137,"column":0},"end":{"line":137,"column":2}},"138":{"start":{"line":139,"column":0},"end":{"line":139,"column":35}}},"s":{"34":1,"36":1,"41":1,"43":380,"45":380,"46":10,"48":10,"49":10,"50":10,"51":10,"52":10,"53":10,"54":10,"55":10,"56":10,"57":10,"58":10,"59":10,"60":380,"61":10,"63":10,"64":10,"65":10,"66":10,"67":10,"68":10,"69":10,"70":10,"71":10,"72":10,"73":10,"74":10,"76":380,"79":79,"80":79,"82":79,"85":79,"86":79,"87":79,"88":79,"92":79,"93":29,"94":29,"95":29,"96":29,"99":29,"100":29,"101":79,"102":35,"103":35,"104":35,"105":35,"108":35,"109":35,"110":50,"111":15,"112":15,"113":15,"114":15,"117":15,"118":15,"119":15,"120":79,"121":1,"123":1,"124":20,"125":20,"126":1,"129":1,"130":1,"131":20,"132":1,"133":1,"135":1,"136":1,"138":1},"branchMap":{"0":{"type":"branch","line":35,"loc":{"start":{"line":35,"column":29},"end":{"line":137,"column":2}},"locations":[{"start":{"line":35,"column":29},"end":{"line":137,"column":2}}]},"1":{"type":"branch","line":42,"loc":{"start":{"line":42,"column":27},"end":{"line":122,"column":5}},"locations":[{"start":{"line":42,"column":27},"end":{"line":122,"column":5}}]},"2":{"type":"branch","line":46,"loc":{"start":{"line":46,"column":27},"end":{"line":60,"column":9}},"locations":[{"start":{"line":46,"column":27},"end":{"line":60,"column":9}}]},"3":{"type":"branch","line":61,"loc":{"start":{"line":61,"column":27},"end":{"line":75,"column":9}},"locations":[{"start":{"line":61,"column":27},"end":{"line":75,"column":9}}]},"4":{"type":"branch","line":77,"loc":{"start":{"line":77,"column":12},"end":{"line":77,"column":23}},"locations":[{"start":{"line":77,"column":12},"end":{"line":77,"column":23}}]},"5":{"type":"branch","line":77,"loc":{"start":{"line":77,"column":23},"end":{"line":121,"column":9}},"locations":[{"start":{"line":77,"column":23},"end":{"line":121,"column":9}}]},"6":{"type":"branch","line":93,"loc":{"start":{"line":93,"column":33},"end":{"line":102,"column":23}},"locations":[{"start":{"line":93,"column":33},"end":{"line":102,"column":23}}]},"7":{"type":"branch","line":102,"loc":{"start":{"line":102,"column":12},"end":{"line":120,"column":13}},"locations":[{"start":{"line":102,"column":12},"end":{"line":120,"column":13}}]},"8":{"type":"branch","line":102,"loc":{"start":{"line":102,"column":40},"end":{"line":111,"column":19}},"locations":[{"start":{"line":102,"column":40},"end":{"line":111,"column":19}}]},"9":{"type":"branch","line":111,"loc":{"start":{"line":111,"column":12},"end":{"line":120,"column":13}},"locations":[{"start":{"line":111,"column":12},"end":{"line":120,"column":13}}]},"10":{"type":"branch","line":124,"loc":{"start":{"line":124,"column":33},"end":{"line":127,"column":5}},"locations":[{"start":{"line":124,"column":33},"end":{"line":127,"column":5}}]},"11":{"type":"branch","line":130,"loc":{"start":{"line":130,"column":50},"end":{"line":130,"column":79}},"locations":[{"start":{"line":130,"column":50},"end":{"line":130,"column":79}}]},"12":{"type":"branch","line":131,"loc":{"start":{"line":131,"column":24},"end":{"line":133,"column":5}},"locations":[{"start":{"line":131,"column":24},"end":{"line":133,"column":5}}]}},"b":{"0":[1],"1":[380],"2":[10],"3":[10],"4":[79],"5":[79],"6":[29],"7":[50],"8":[35],"9":[15],"10":[20],"11":[62],"12":[20]},"fnMap":{"0":{"name":"CalculateLeagueTable","decl":{"start":{"line":35,"column":29},"end":{"line":137,"column":2}},"loc":{"start":{"line":35,"column":29},"end":{"line":137,"column":2}},"line":35}},"f":{"0":1}}
}
